#
# A fatal error has been detected by the Java Runtime Environment:
#
#  EXCEPTION_ACCESS_VIOLATION (0xc0000005) at pc=0x000000006f727675, pid=11388, tid=10588
#
# JRE version: Java(TM) SE Runtime Environment (8.0_11-b12) (build 1.8.0_11-b12)
# Java VM: Java HotSpot(TM) 64-Bit Server VM (25.11-b03 mixed mode windows-amd64 compressed oops)
# Problematic frame:
# V  [jvm.dll+0x117675]
#
# Failed to write core dump. Minidumps are not enabled by default on client versions of Windows
#
# If you would like to submit a bug report, please visit:
#   http://bugreport.sun.com/bugreport/crash.jsp
#

---------------  T H R E A D  ---------------

Current thread (0x0000000026943800):  JavaThread "JDWP Transport Listener: dt_socket" daemon [_thread_in_vm, id=10588, stack(0x0000000028190000,0x0000000028290000)]

siginfo: ExceptionCode=0xc0000005, reading address 0xffffffffffffffff

Registers:
RAX=0x000000002828f801, RBX=0x0000000026943800, RCX=0x00204de802000103, RDX=0x0000000000000000
RSP=0x000000002828f7e0, RBP=0x00204de802000103, RSI=0x000000002828f8f8, RDI=0x0000000001bb9270
R8 =0x0000000026943800, R9 =0x000000de00c0000c, R10=0x0000000000000000, R11=0x0000000026a7692f
R12=0x0000000000000000, R13=0x000000002693cb48, R14=0x0000000000000000, R15=0x0000000000000000
RIP=0x000000006f727675, EFLAGS=0x0000000000010206

Top of Stack: (sp=0x000000002828f7e0)
0x000000002828f7e0:   0000000026943800 0000000026943800
0x000000002828f7f0:   000000002828f8a8 000000006f91a12b
0x000000002828f800:   0000000026943800 000000006f93698d
0x000000002828f810:   0000000000000000 00000000598b9149
0x000000002828f820:   0000000026a68b90 00000000598c2912
0x000000002828f830:   0000000026943800 0000000000000000
0x000000002828f840:   0000000000000000 0000000000000000
0x000000002828f850:   00204de802000103 00000000598c1a09
0x000000002828f860:   000000002828f8f8 000000002828f8d0
0x000000002828f870:   0000000000000001 0000000026a68b90
0x000000002828f880:   00204de802000103 00000000598a53b3
0x000000002828f890:   000000002828f9c0 0000000000000001
0x000000002828f8a0:   0000000000000001 0000000026a68b90
0x000000002828f8b0:   0000000000000009 0000000000000000
0x000000002828f8c0:   0000000000000000 0000000000000000
0x000000002828f8d0:   0000000000000001 00000000598a5571 

Instructions: (pc=0x000000006f727675)
0x000000006f727655:   cc cc cc cc cc cc cc cc cc cc cc 48 83 ec 28 48
0x000000006f727665:   85 c9 75 07 33 c0 48 83 c4 28 c3 48 89 5c 24 20
0x000000006f727675:   48 8b 19 48 85 db 74 20 48 83 fb 37 74 1a 48 8b
0x000000006f727685:   13 48 8b cb ff 52 08 84 c0 74 0d 48 8b c3 48 8b 


Register to memory mapping:

RAX=0x000000002828f801 is pointing into the stack for thread: 0x0000000026943800
RBX=0x0000000026943800 is a thread
RCX=0x00204de802000103 is an unknown value
RDX=0x0000000000000000 is an unknown value
RSP=0x000000002828f7e0 is pointing into the stack for thread: 0x0000000026943800
RBP=0x00204de802000103 is an unknown value
RSI=0x000000002828f8f8 is pointing into the stack for thread: 0x0000000026943800
RDI=0x0000000001bb9270 is an unknown value
R8 =0x0000000026943800 is a thread
R9 =0x000000de00c0000c is an unknown value
R10=0x0000000000000000 is an unknown value
R11=0x0000000026a7692f is an unknown value
R12=0x0000000000000000 is an unknown value
R13=0x000000002693cb48 is an unknown value
R14=0x0000000000000000 is an unknown value
R15=0x0000000000000000 is an unknown value


Stack: [0x0000000028190000,0x0000000028290000],  sp=0x000000002828f7e0,  free space=1021k
Native frames: (J=compiled Java code, j=interpreted, Vv=VM code, C=native code)
V  [jvm.dll+0x117675]
V  [jvm.dll+0x32698d]
C  [jdwp.dll+0x21a09]
C  [jdwp.dll+0x53b3]
C  [jdwp.dll+0x5571]
C  [jdwp.dll+0xf09c]
C  [jdwp.dll+0x1f2c9]
C  [jdwp.dll+0x1f49e]
V  [jvm.dll+0x1a73a8]
V  [jvm.dll+0x2234b4]
V  [jvm.dll+0x27bcca]
C  [msvcr100.dll+0x21d9f]
C  [msvcr100.dll+0x21e3b]
C  [kernel32.dll+0x159ed]
C  [ntdll.dll+0x2c541]


---------------  P R O C E S S  ---------------

Java Threads: ( => current thread )
  0x00000000269e2800 JavaThread "Service Thread" daemon [_thread_blocked, id=11172, stack(0x0000000028b40000,0x0000000028c40000)]
  0x000000002695f000 JavaThread "C1 CompilerThread3" daemon [_thread_blocked, id=12164, stack(0x0000000028860000,0x0000000028960000)]
  0x0000000026963800 JavaThread "C2 CompilerThread2" daemon [_thread_blocked, id=12104, stack(0x0000000028a00000,0x0000000028b00000)]
  0x0000000026963000 JavaThread "C2 CompilerThread1" daemon [_thread_blocked, id=11836, stack(0x0000000028410000,0x0000000028510000)]
  0x0000000026966000 JavaThread "C2 CompilerThread0" daemon [_thread_blocked, id=11048, stack(0x0000000028710000,0x0000000028810000)]
  0x000000002694f000 JavaThread "JDWP Command Reader" daemon [_thread_in_native, id=12152, stack(0x0000000027840000,0x0000000027940000)]
  0x000000002694a000 JavaThread "JDWP Event Helper Thread" daemon [_thread_blocked, id=10968, stack(0x0000000028530000,0x0000000028630000)]
=>0x0000000026943800 JavaThread "JDWP Transport Listener: dt_socket" daemon [_thread_in_vm, id=10588, stack(0x0000000028190000,0x0000000028290000)]
  0x0000000026936000 JavaThread "Attach Listener" daemon [_thread_blocked, id=6232, stack(0x0000000028090000,0x0000000028190000)]
  0x000000002588f800 JavaThread "Signal Dispatcher" daemon [_thread_blocked, id=5472, stack(0x0000000027ea0000,0x0000000027fa0000)]
  0x000000002587b800 JavaThread "Finalizer" daemon [_thread_blocked, id=6916, stack(0x0000000027cb0000,0x0000000027db0000)]
  0x0000000001e2f000 JavaThread "Reference Handler" daemon [_thread_blocked, id=1000, stack(0x0000000027b50000,0x0000000027c50000)]
  0x0000000001d98000 JavaThread "main" [_thread_blocked, id=4708, stack(0x00000000020f0000,0x00000000021f0000)]

Other Threads:
  0x00000000268e3000 VMThread [stack: 0x00000000279c0000,0x0000000027ac0000] [id=10340]
  0x00000000269e5800 WatcherThread [stack: 0x0000000028cf0000,0x0000000028df0000] [id=8460]

VM state:not at safepoint (normal execution)

VM Mutex/Monitor currently owned by a thread: None

Heap:
 PSYoungGen      total 1024K, used 827K [0x0000000715a00000, 0x0000000715c00000, 0x00000007c0000000)
  eden space 512K, 74% used [0x0000000715a00000,0x0000000715a5ef08,0x0000000715a80000)
  from space 512K, 87% used [0x0000000715a80000,0x0000000715af0020,0x0000000715b00000)
  to   space 512K, 0% used [0x0000000715b80000,0x0000000715b80000,0x0000000715c00000)
 ParOldGen       total 522752K, used 8K [0x00000005c0e00000, 0x00000005e0c80000, 0x0000000715a00000)
  object space 522752K, 0% used [0x00000005c0e00000,0x00000005c0e02000,0x00000005e0c80000)
 Metaspace       used 2942K, capacity 4664K, committed 4864K, reserved 1056768K
  class space    used 314K, capacity 424K, committed 512K, reserved 1048576K

Card table byte_map: [0x0000000011880000,0x0000000012880000] byte_map_base: 0x000000000ea79000

Marking Bits: (ParMarkBitMap*) 0x000000006fdc12b0
 Begin Bits: [0x0000000013f00000, 0x000000001bec8000)
 End Bits:   [0x000000001bec8000, 0x0000000023e90000)

Polling page: 0x0000000000220000

CodeCache: size=245760Kb used=1180Kb max_used=1180Kb free=244579Kb
 bounds [0x00000000024c0000, 0x0000000002730000, 0x00000000114c0000]
 total_blobs=287 nmethods=58 adapters=151
 compilation: enabled

Compilation events (10 events):
Event: 0.111 Thread 0x000000002695f000   54       3       java.lang.String::indexOf (166 bytes)
Event: 0.111 Thread 0x000000002695f000 nmethod 54 0x00000000025e4c90 code [0x00000000025e4e40, 0x00000000025e5470]
Event: 0.111 Thread 0x000000002695f000   55       1       java.net.URL::getFile (5 bytes)
Event: 0.111 Thread 0x000000002695f000 nmethod 55 0x00000000025e5890 code [0x00000000025e59e0, 0x00000000025e5af0]
Event: 0.114 Thread 0x000000002695f000   56       1       java.util.ArrayList::size (5 bytes)
Event: 0.114 Thread 0x000000002695f000 nmethod 56 0x00000000025e5b50 code [0x00000000025e5ca0, 0x00000000025e5db0]
Event: 0.114 Thread 0x000000002695f000   57       3       java.lang.AbstractStringBuilder::expandCapacity (50 bytes)
Event: 0.114 Thread 0x000000002695f000 nmethod 57 0x00000000025e5e10 code [0x00000000025e5fc0, 0x00000000025e6518]
Event: 0.114 Thread 0x000000002695f000   58       3       java.io.WinNTFileSystem::normalize (143 bytes)
Event: 0.115 Thread 0x000000002695f000 nmethod 58 0x00000000025e6750 code [0x00000000025e6940, 0x00000000025e71c8]

GC Heap History (2 events):
Event: 0.090 GC heap before
{Heap before GC invocations=1 (full 0):
 PSYoungGen      total 1024K, used 511K [0x0000000715a00000, 0x0000000715b80000, 0x00000007c0000000)
  eden space 512K, 99% used [0x0000000715a00000,0x0000000715a7fe50,0x0000000715a80000)
  from space 512K, 0% used [0x0000000715b00000,0x0000000715b00000,0x0000000715b80000)
  to   space 512K, 0% used [0x0000000715a80000,0x0000000715a80000,0x0000000715b00000)
 ParOldGen       total 522752K, used 0K [0x00000005c0e00000, 0x00000005e0c80000, 0x0000000715a00000)
  object space 522752K, 0% used [0x00000005c0e00000,0x00000005c0e00000,0x00000005e0c80000)
 Metaspace       used 2544K, capacity 4480K, committed 4480K, reserved 1056768K
  class space    used 273K, capacity 384K, committed 384K, reserved 1048576K
Event: 0.091 GC heap after
Heap after GC invocations=1 (full 0):
 PSYoungGen      total 1024K, used 448K [0x0000000715a00000, 0x0000000715c00000, 0x00000007c0000000)
  eden space 512K, 0% used [0x0000000715a00000,0x0000000715a00000,0x0000000715a80000)
  from space 512K, 87% used [0x0000000715a80000,0x0000000715af0020,0x0000000715b00000)
  to   space 512K, 0% used [0x0000000715b80000,0x0000000715b80000,0x0000000715c00000)
 ParOldGen       total 522752K, used 8K [0x00000005c0e00000, 0x00000005e0c80000, 0x0000000715a00000)
  object space 522752K, 0% used [0x00000005c0e00000,0x00000005c0e02000,0x00000005e0c80000)
 Metaspace       used 2544K, capacity 4480K, committed 4480K, reserved 1056768K
  class space    used 273K, capacity 384K, committed 384K, reserved 1048576K
}

Deoptimization events (0 events):
No events

Internal exceptions (5 events):
Event: 0.031 Thread 0x0000000001d98000 Exception <a 'java/lang/NoSuchMethodError': Method sun.misc.Unsafe.defineClass(Ljava/lang/String;[BII)Ljava/lang/Class; name or signature does not match> (0x0000000715a0ffb0) thrown at [C:\re\workspace\8-2-build-windows-amd64-cygwin\jdk8u11\648\hotspot\src‰‚ÎHÛðŸ?
Event: 0.031 Thread 0x0000000001d98000 Exception <a 'java/lang/NoSuchMethodError': Method sun.misc.Unsafe.prefetchRead(Ljava/lang/Object;J)V name or signature does not match> (0x0000000715a10240) thrown at [C:\re\workspace\8-2-build-windows-amd64-cygwin\jdk8u11\648\hotspot\src\share\vm\prims\jn_¿„©â´?
Event: 0.082 Thread 0x0000000001d98000 Exception <a 'java/security/PrivilegedActionException'> (0x0000000715a71e20) thrown at [C:\re\workspace\8-2-build-windows-amd64-cygwin\jdk8u11\648\hotspot\src\share\vm\prims\jvm.cpp, line 1248]
Event: 0.111 Thread 0x0000000001d98000 Exception <a 'java/security/PrivilegedActionException'> (0x0000000715a54d98) thrown at [C:\re\workspace\8-2-build-windows-amd64-cygwin\jdk8u11\648\hotspot\src\share\vm\prims\jvm.cpp, line 1248]
Event: 0.114 Thread 0x0000000001d98000 Exception <a 'java/security/PrivilegedActionException'> (0x0000000715a597f0) thrown at [C:\re\workspace\8-2-build-windows-amd64-cygwin\jdk8u11\648\hotspot\src\share\vm\prims\jvm.cpp, line 1248]

Events (10 events):
Event: 2952.622 Executing VM operation: ChangeBreakpoints
Event: 2952.622 Executing VM operation: ChangeBreakpoints done
Event: 4093.273 Executing VM operation: ChangeBreakpoints
Event: 4093.273 Executing VM operation: ChangeBreakpoints done
Event: 4093.274 Executing VM operation: ChangeBreakpoints
Event: 4093.274 Executing VM operation: ChangeBreakpoints done
Event: 4093.275 Executing VM operation: ChangeBreakpoints
Event: 4093.275 Executing VM operation: ChangeBreakpoints done
Event: 4093.276 Executing VM operation: RedefineClasses
Event: 4093.277 Executing VM operation: RedefineClasses done


Dynamic libraries:
0x000000013f5e0000 - 0x000000013f614000 	C:\Program Files\Java\jdk1.6.0_45\bin\java.exe
0x0000000077ab0000 - 0x0000000077c59000 	C:\Windows\SYSTEM32\ntdll.dll
0x0000000077990000 - 0x0000000077aaf000 	C:\Windows\system32\kernel32.dll
0x000007fefdae0000 - 0x000007fefdb4c000 	C:\Windows\system32\KERNELBASE.dll
0x000007feffce0000 - 0x000007feffdbb000 	C:\Windows\system32\ADVAPI32.dll
0x000007feff340000 - 0x000007feff3df000 	C:\Windows\system32\msvcrt.dll
0x000007feff320000 - 0x000007feff33f000 	C:\Windows\SYSTEM32\sechost.dll
0x000007feff000000 - 0x000007feff12d000 	C:\Windows\system32\RPCRT4.dll
0x0000000077890000 - 0x000000007798a000 	C:\Windows\system32\USER32.dll
0x000007fefdff0000 - 0x000007fefe057000 	C:\Windows\system32\GDI32.dll
0x000007feffa00000 - 0x000007feffa0e000 	C:\Windows\system32\LPK.dll
0x000007fefee20000 - 0x000007fefeee9000 	C:\Windows\system32\USP10.dll
0x000007fefbde0000 - 0x000007fefbfd4000 	C:\Windows\WinSxS\amd64_microsoft.windows.common-controls_6595b64144ccf1df_6.0.7601.17514_none_fa396087175ac9ac\COMCTL32.dll
0x000007feff3e0000 - 0x000007feff451000 	C:\Windows\system32\SHLWAPI.dll
0x000007fefe060000 - 0x000007fefe08e000 	C:\Windows\system32\IMM32.DLL
0x000007fefeef0000 - 0x000007fefeff9000 	C:\Windows\system32\MSCTF.dll
0x00000000790d0000 - 0x00000000791a2000 	C:\Program Files\Java\jdk1.6.0_45\jre\bin\msvcr100.dll
0x000000006f610000 - 0x000000006fe3a000 	C:\Program Files\Java\jdk1.6.0_45\jre\bin\server\jvm.dll
0x000007fef9280000 - 0x000007fef9289000 	C:\Windows\system32\WSOCK32.dll
0x000007fefdc30000 - 0x000007fefdc7d000 	C:\Windows\system32\WS2_32.dll
0x000007feff130000 - 0x000007feff138000 	C:\Windows\system32\NSI.dll
0x000007fefb400000 - 0x000007fefb43b000 	C:\Windows\system32\WINMM.dll
0x0000000077c70000 - 0x0000000077c77000 	C:\Windows\system32\PSAPI.DLL
0x00000000751b0000 - 0x00000000751bf000 	C:\Program Files\Java\jdk1.6.0_45\jre\bin\verify.dll
0x0000000071770000 - 0x0000000071798000 	C:\Program Files\Java\jdk1.6.0_45\jre\bin\java.dll
0x00000000598a0000 - 0x00000000598d5000 	C:\Program Files\Java\jdk1.6.0_45\jre\bin\jdwp.dll
0x00000000751a0000 - 0x00000000751a8000 	C:\Program Files\Java\jdk1.6.0_45\jre\bin\npt.dll
0x0000000071730000 - 0x0000000071746000 	C:\Program Files\Java\jdk1.6.0_45\jre\bin\zip.dll
0x000007fefe090000 - 0x000007fefee18000 	C:\Windows\system32\SHELL32.dll
0x000007fefdd40000 - 0x000007fefdf43000 	C:\Windows\system32\ole32.dll
0x000007fefd880000 - 0x000007fefd88f000 	C:\Windows\system32\profapi.dll
0x00000000751c0000 - 0x00000000751c9000 	C:\Program Files\Java\jdk1.6.0_45\jre\bin\dt_socket.dll
0x000007fefd010000 - 0x000007fefd065000 	C:\Windows\system32\mswsock.dll
0x000007fefca20000 - 0x000007fefca27000 	C:\Windows\System32\wshtcpip.dll
0x000007fefaf90000 - 0x000007fefb0b5000 	C:\Windows\system32\dbghelp.dll

VM Arguments:
jvm_args: -agentlib:jdwp=transport=dt_socket,address=127.0.0.1:63535,suspend=y,server=n -Dfile.encoding=UTF-8 
java_command: com.company.Main
java_class_path (initial): C:\Program Files\Java\jdk1.6.0_45\jre\lib\charsets.jar;C:\Program Files\Java\jdk1.6.0_45\jre\lib\deploy.jar;C:\Program Files\Java\jdk1.6.0_45\jre\lib\javaws.jar;C:\Program Files\Java\jdk1.6.0_45\jre\lib\jce.jar;C:\Program Files\Java\jdk1.6.0_45\jre\lib\jfr.jar;C:\Program Files\Java\jdk1.6.0_45\jre\lib\jfxswt.jar;C:\Program Files\Java\jdk1.6.0_45\jre\lib\jsse.jar;C:\Program Files\Java\jdk1.6.0_45\jre\lib\management-agent.jar;C:\Program Files\Java\jdk1.6.0_45\jre\lib\plugin.jar;C:\Program Files\Java\jdk1.6.0_45\jre\lib\resources.jar;C:\Program Files\Java\jdk1.6.0_45\jre\lib\rt.jar;C:\Program Files\Java\jdk1.6.0_45\jre\lib\ext\access-bridge-64.jar;C:\Program Files\Java\jdk1.6.0_45\jre\lib\ext\cldrdata.jar;C:\Program Files\Java\jdk1.6.0_45\jre\lib\ext\dnsns.jar;C:\Program Files\Java\jdk1.6.0_45\jre\lib\ext\jaccess.jar;C:\Program Files\Java\jdk1.6.0_45\jre\lib\ext\jfxrt.jar;C:\Program Files\Java\jdk1.6.0_45\jre\lib\ext\localedata.jar;C:\Program Files\Java\jdk1.6.0_45\jre\lib\ext\nashorn.jar;C:\Program Files\Java\jdk1.6.0_45\jre\lib\ext\sunec.jar;C:\Program Files\Java\jdk1.6.0_45\jre\lib\ext\sunjce_provider.jar;C:\Program Files\Java\jdk1.6.0_45\jre\lib\ext\sunmscapi.jar;C:\Program Files\Java\jdk1.6.0_45\jre\lib\ext\sunpkcs11.jar;C:\Program Files\Java\jdk1.6.0_45\jre\lib\ext\zipfs.jar;C:\adt-bundle-windows-x86_64-20140702\pg\jl\LeetCodeProjects\out\production\LeetCodeProjects;C:\Program Files (x86)\JetBrains\IntelliJ IDEA Community Edition 14.0.2\lib\idea_rt.jar
Launcher Type: SUN_STANDARD

Environment Variables:
JAVA_HOME=C:\Program Files\Java\jdk1.6.0_45
PATH=C:\ProgramData\Oracle\Java\javapath;C:\oraclexe\app\oracle\product\11.2.0\server\bin;C:\Program Files (x86)\AMD APP\bin\x86_64;C:\Program Files (x86)\AMD APP\bin\x86;C:\Program Files (x86)\Intel\iCLS Client\;C:\Program Files\Intel\iCLS Client\;C:\Windows\system32;C:\Windows;C:\Windows\System32\Wbem;C:\Windows\System32\WindowsPowerShell\v1.0\;C:\Program Files\Intel\Intel(R) Management Engine Components\DAL;C:\Program Files\Intel\Intel(R) Management Engine Components\IPT;C:\Program Files (x86)\Intel\Intel(R) Management Engine Components\DAL;C:\Program Files (x86)\Intel\Intel(R) Management Engine Components\IPT;C:\Program Files (x86)\ATI Technologies\ATI.ACE\Core-Static;C:\Program Files\PrinterOn Corporation\PrintWhere 4.6;c:\Program Files (x86)\Microsoft SQL Server\90\Tools\binn\;c:\Program Files (x86)\Microsoft SQL Server\100\Tools\Binn\VSShell\Common7\IDE\;c:\Program Files (x86)\Microsoft SQL Server\100\Tools\Binn\;c:\Program Files\Microsoft SQL Server\100\Tools\Binn\;c:\Program Files (x86)\Microsoft SQL Server\100\DTS\Binn\;C:\Windows\idmu\common;C:\Program Files\TortoiseSVN\bin;C:\Program Files (x86)\Good Technology\Good Control\WEB-INF\lib;C:\adt-bundle-windows-x86_64-20140702\sdk\tools;C:\Program Files (x86)\WinAnt\bin;C:\Program Files\Java\jdk1.6.0_45\bin
USERNAME=hanh
OS=Windows_NT
PROCESSOR_IDENTIFIER=Intel64 Family 6 Model 58 Stepping 9, GenuineIntel



---------------  S Y S T E M  ---------------

OS: Windows 7 , 64 bit Build 7601 Service Pack 1

CPU:total 8 (4 cores per cpu, 2 threads per core) family 6 model 58 stepping 9, cmov, cx8, fxsr, mmx, sse, sse2, sse3, ssse3, sse4.1, sse4.2, popcnt, avx, aes, clmul, erms, ht, tsc, tscinvbit

Memory: 4k page, physical 33493628k(27292104k free), swap 83731252k(72324804k free)

vm_info: Java HotSpot(TM) 64-Bit Server VM (25.11-b03) for windows-amd64 JRE (1.8.0_11-b12), built on Jun 16 2014 20:57:32 by "java_re" with MS VC++ 10.0 (VS2010)

time: Tue Dec 16 16:36:55 2014
elapsed time: 4093 seconds

