#
# A fatal error has been detected by the Java Runtime Environment:
#
#  EXCEPTION_ACCESS_VIOLATION (0xc0000005) at pc=0x000000006f727675, pid=4088, tid=7028
#
# JRE version: Java(TM) SE Runtime Environment (8.0_11-b12) (build 1.8.0_11-b12)
# Java VM: Java HotSpot(TM) 64-Bit Server VM (25.11-b03 mixed mode windows-amd64 compressed oops)
# Problematic frame:
# V  [jvm.dll+0x117675]
#
# Failed to write core dump. Minidumps are not enabled by default on client versions of Windows
#
# If you would like to submit a bug report, please visit:
#   http://bugreport.sun.com/bugreport/crash.jsp
#

---------------  T H R E A D  ---------------

Current thread (0x00000000267aa800):  JavaThread "JDWP Transport Listener: dt_socket" daemon [_thread_in_vm, id=7028, stack(0x00000000280a0000,0x00000000281a0000)]

siginfo: ExceptionCode=0xc0000005, reading address 0xffffffffffffffff

Registers:
RAX=0x000000002819f401, RBX=0x00000000267aa800, RCX=0x6d6f632f6d6f6321, RDX=0x0000000000000000
RSP=0x000000002819f400, RBP=0x6d6f632f6d6f6321, RSI=0x000000002819f518, RDI=0x0000000000089270
R8 =0x00000000267aa800, R9 =0x6c7065ff007a001a, R10=0x0000000000000000, R11=0x000000002681f03f
R12=0x0000000000000000, R13=0x00000000267b3158, R14=0x0000000000000000, R15=0x0000000000000000
RIP=0x000000006f727675, EFLAGS=0x0000000000010206

Top of Stack: (sp=0x000000002819f400)
0x000000002819f400:   00000000267aa800 00000000267aa800
0x000000002819f410:   000000002819f4c8 000000006f91a12b
0x000000002819f420:   00000000267aa800 000000006f93698d
0x000000002819f430:   0000000000000000 00000000598b9149
0x000000002819f440:   00000000268e9468 00000000598c2912
0x000000002819f450:   00000000267aa800 0000000000000000
0x000000002819f460:   0000000000000000 0000000000000000
0x000000002819f470:   6d6f632f6d6f6321 00000000598c1a09
0x000000002819f480:   000000002819f518 000000002819f4f0
0x000000002819f490:   0000000000000001 00000000268e9468
0x000000002819f4a0:   6d6f632f6d6f6321 00000000598a53b3
0x000000002819f4b0:   000000002819f5e0 0000000000000001
0x000000002819f4c0:   0000000000000001 00000000268e9468
0x000000002819f4d0:   0000000000000009 0000000000000000
0x000000002819f4e0:   0000000000000000 0000000000000000
0x000000002819f4f0:   0000000000000001 00000000598a5571 

Instructions: (pc=0x000000006f727675)
0x000000006f727655:   cc cc cc cc cc cc cc cc cc cc cc 48 83 ec 28 48
0x000000006f727665:   85 c9 75 07 33 c0 48 83 c4 28 c3 48 89 5c 24 20
0x000000006f727675:   48 8b 19 48 85 db 74 20 48 83 fb 37 74 1a 48 8b
0x000000006f727685:   13 48 8b cb ff 52 08 84 c0 74 0d 48 8b c3 48 8b 


Register to memory mapping:

RAX=0x000000002819f401 is pointing into the stack for thread: 0x00000000267aa800
RBX=0x00000000267aa800 is a thread
RCX=0x6d6f632f6d6f6321 is an unknown value
RDX=0x0000000000000000 is an unknown value
RSP=0x000000002819f400 is pointing into the stack for thread: 0x00000000267aa800
RBP=0x6d6f632f6d6f6321 is an unknown value
RSI=0x000000002819f518 is pointing into the stack for thread: 0x00000000267aa800
RDI=0x0000000000089270 is an unknown value
R8 =0x00000000267aa800 is a thread
R9 =0x6c7065ff007a001a is an unknown value
R10=0x0000000000000000 is an unknown value
R11=0x000000002681f03f is an unknown value
R12=0x0000000000000000 is an unknown value
R13=0x00000000267b3158 is an unknown value
R14=0x0000000000000000 is an unknown value
R15=0x0000000000000000 is an unknown value


Stack: [0x00000000280a0000,0x00000000281a0000],  sp=0x000000002819f400,  free space=1021k
Native frames: (J=compiled Java code, j=interpreted, Vv=VM code, C=native code)
V  [jvm.dll+0x117675]
V  [jvm.dll+0x32698d]
C  [jdwp.dll+0x21a09]
C  [jdwp.dll+0x53b3]
C  [jdwp.dll+0x5571]
C  [jdwp.dll+0xf09c]
C  [jdwp.dll+0x1f2c9]
C  [jdwp.dll+0x1f49e]
V  [jvm.dll+0x1a73a8]
V  [jvm.dll+0x2234b4]
V  [jvm.dll+0x27bcca]
C  [msvcr100.dll+0x21d9f]
C  [msvcr100.dll+0x21e3b]
C  [kernel32.dll+0x159ed]
C  [ntdll.dll+0x2c541]


---------------  P R O C E S S  ---------------

Java Threads: ( => current thread )
  0x0000000026855800 JavaThread "Service Thread" daemon [_thread_blocked, id=9360, stack(0x0000000027ee0000,0x0000000027fe0000)]
  0x000000002682a000 JavaThread "C1 CompilerThread3" daemon [_thread_blocked, id=8240, stack(0x00000000286e0000,0x00000000287e0000)]
  0x00000000267cf800 JavaThread "C2 CompilerThread2" daemon [_thread_blocked, id=8688, stack(0x00000000284f0000,0x00000000285f0000)]
  0x00000000267cf000 JavaThread "C2 CompilerThread1" daemon [_thread_blocked, id=8584, stack(0x00000000281b0000,0x00000000282b0000)]
  0x00000000267d2000 JavaThread "C2 CompilerThread0" daemon [_thread_blocked, id=4724, stack(0x0000000027c90000,0x0000000027d90000)]
  0x00000000267ba800 JavaThread "JDWP Command Reader" daemon [_thread_in_native, id=9252, stack(0x00000000282c0000,0x00000000283c0000)]
  0x00000000267b9800 JavaThread "JDWP Event Helper Thread" daemon [_thread_blocked, id=9468, stack(0x0000000027a60000,0x0000000027b60000)]
=>0x00000000267aa800 JavaThread "JDWP Transport Listener: dt_socket" daemon [_thread_in_vm, id=7028, stack(0x00000000280a0000,0x00000000281a0000)]
  0x00000000267a4000 JavaThread "Attach Listener" daemon [_thread_blocked, id=10824, stack(0x0000000027db0000,0x0000000027eb0000)]
  0x00000000267a2000 JavaThread "Signal Dispatcher" daemon [_thread_blocked, id=9256, stack(0x0000000027b70000,0x0000000027c70000)]
  0x00000000256ef000 JavaThread "Finalizer" daemon [_thread_blocked, id=4964, stack(0x00000000276c0000,0x00000000277c0000)]
  0x0000000026753000 JavaThread "Reference Handler" daemon [_thread_blocked, id=7112, stack(0x0000000027900000,0x0000000027a00000)]
  0x0000000001d58000 JavaThread "main" [_thread_blocked, id=4888, stack(0x0000000001ff0000,0x00000000020f0000)]

Other Threads:
  0x0000000026752000 VMThread [stack: 0x0000000027800000,0x0000000027900000] [id=4572]
  0x00000000267c9000 WatcherThread [stack: 0x00000000283e0000,0x00000000284e0000] [id=8724]

VM state:not at safepoint (normal execution)

VM Mutex/Monitor currently owned by a thread: None

Heap:
 PSYoungGen      total 1024K, used 875K [0x0000000715a00000, 0x0000000715b80000, 0x00000007c0000000)
  eden space 512K, 74% used [0x0000000715a00000,0x0000000715a5ee90,0x0000000715a80000)
  from space 512K, 96% used [0x0000000715a80000,0x0000000715afc010,0x0000000715b00000)
  to   space 512K, 0% used [0x0000000715b00000,0x0000000715b00000,0x0000000715b80000)
 ParOldGen       total 522752K, used 16K [0x00000005c0e00000, 0x00000005e0c80000, 0x0000000715a00000)
  object space 522752K, 0% used [0x00000005c0e00000,0x00000005c0e04000,0x00000005e0c80000)
 Metaspace       used 2980K, capacity 4728K, committed 4864K, reserved 1056768K
  class space    used 316K, capacity 424K, committed 512K, reserved 1048576K

Card table byte_map: [0x0000000011780000,0x0000000012780000] byte_map_base: 0x000000000e979000

Marking Bits: (ParMarkBitMap*) 0x000000006fdc12b0
 Begin Bits: [0x0000000013d70000, 0x000000001bd38000)
 End Bits:   [0x000000001bd38000, 0x0000000023d00000)

Polling page: 0x0000000000320000

CodeCache: size=245760Kb used=1179Kb max_used=1179Kb free=244580Kb
 bounds [0x00000000023c0000, 0x0000000002630000, 0x00000000113c0000]
 total_blobs=286 nmethods=57 adapters=151
 compilation: enabled

Compilation events (10 events):
Event: 0.116 Thread 0x000000002682a000   52       3       java.lang.String::startsWith (7 bytes)
Event: 0.116 Thread 0x000000002682a000 nmethod 52 0x00000000024e4e50 code [0x00000000024e4fc0, 0x00000000024e51e8]
Event: 0.117 Thread 0x000000002682a000   54       1       java.net.URL::getFile (5 bytes)
Event: 0.117 Thread 0x000000002682a000 nmethod 54 0x00000000024e5290 code [0x00000000024e53e0, 0x00000000024e54f0]
Event: 0.119 Thread 0x000000002682a000   55       1       java.util.ArrayList::size (5 bytes)
Event: 0.119 Thread 0x000000002682a000 nmethod 55 0x00000000024e5550 code [0x00000000024e56a0, 0x00000000024e57b0]
Event: 0.119 Thread 0x000000002682a000   56       3       java.lang.AbstractStringBuilder::expandCapacity (50 bytes)
Event: 0.120 Thread 0x000000002682a000 nmethod 56 0x00000000024e5810 code [0x00000000024e59c0, 0x00000000024e5f18]
Event: 0.120 Thread 0x000000002682a000   57       3       java.io.WinNTFileSystem::normalize (143 bytes)
Event: 0.120 Thread 0x000000002682a000 nmethod 57 0x00000000024e6150 code [0x00000000024e6340, 0x00000000024e6bc8]

GC Heap History (2 events):
Event: 0.096 GC heap before
{Heap before GC invocations=1 (full 0):
 PSYoungGen      total 1024K, used 511K [0x0000000715a00000, 0x0000000715b80000, 0x00000007c0000000)
  eden space 512K, 99% used [0x0000000715a00000,0x0000000715a7fe50,0x0000000715a80000)
  from space 512K, 0% used [0x0000000715b00000,0x0000000715b00000,0x0000000715b80000)
  to   space 512K, 0% used [0x0000000715a80000,0x0000000715a80000,0x0000000715b00000)
 ParOldGen       total 522752K, used 0K [0x00000005c0e00000, 0x00000005e0c80000, 0x0000000715a00000)
  object space 522752K, 0% used [0x00000005c0e00000,0x00000005c0e00000,0x00000005e0c80000)
 Metaspace       used 2544K, capacity 4480K, committed 4480K, reserved 1056768K
  class space    used 273K, capacity 384K, committed 384K, reserved 1048576K
Event: 0.097 GC heap after
Heap after GC invocations=1 (full 0):
 PSYoungGen      total 1024K, used 496K [0x0000000715a00000, 0x0000000715b80000, 0x00000007c0000000)
  eden space 512K, 0% used [0x0000000715a00000,0x0000000715a00000,0x0000000715a80000)
  from space 512K, 96% used [0x0000000715a80000,0x0000000715afc010,0x0000000715b00000)
  to   space 512K, 0% used [0x0000000715b00000,0x0000000715b00000,0x0000000715b80000)
 ParOldGen       total 522752K, used 16K [0x00000005c0e00000, 0x00000005e0c80000, 0x0000000715a00000)
  object space 522752K, 0% used [0x00000005c0e00000,0x00000005c0e04000,0x00000005e0c80000)
 Metaspace       used 2544K, capacity 4480K, committed 4480K, reserved 1056768K
  class space    used 273K, capacity 384K, committed 384K, reserved 1048576K
}

Deoptimization events (0 events):
No events

Internal exceptions (5 events):
Event: 0.033 Thread 0x0000000001d58000 Exception <a 'java/lang/NoSuchMethodError': Method sun.misc.Unsafe.defineClass(Ljava/lang/String;[BII)Ljava/lang/Class; name or signature does not match> (0x0000000715a0ffb0) thrown at [C:\re\workspace\8-2-build-windows-amd64-cygwin\jdk8u11\648\hotspot\srcêm|›Å ?
Event: 0.033 Thread 0x0000000001d58000 Exception <a 'java/lang/NoSuchMethodError': Method sun.misc.Unsafe.prefetchRead(Ljava/lang/Object;J)V name or signature does not match> (0x0000000715a10240) thrown at [C:\re\workspace\8-2-build-windows-amd64-cygwin\jdk8u11\648\hotspot\src\share\vm\prims\jn
Event: 0.088 Thread 0x0000000001d58000 Exception <a 'java/security/PrivilegedActionException'> (0x0000000715a74728) thrown at [C:\re\workspace\8-2-build-windows-amd64-cygwin\jdk8u11\648\hotspot\src\share\vm\prims\jvm.cpp, line 1248]
Event: 0.116 Thread 0x0000000001d58000 Exception <a 'java/security/PrivilegedActionException'> (0x0000000715a54db0) thrown at [C:\re\workspace\8-2-build-windows-amd64-cygwin\jdk8u11\648\hotspot\src\share\vm\prims\jvm.cpp, line 1248]
Event: 0.119 Thread 0x0000000001d58000 Exception <a 'java/security/PrivilegedActionException'> (0x0000000715a59778) thrown at [C:\re\workspace\8-2-build-windows-amd64-cygwin\jdk8u11\648\hotspot\src\share\vm\prims\jvm.cpp, line 1248]

Events (10 events):
Event: 3234.092 Executing VM operation: ChangeBreakpoints
Event: 3234.092 Executing VM operation: ChangeBreakpoints done
Event: 4374.822 Executing VM operation: ChangeBreakpoints
Event: 4374.822 Executing VM operation: ChangeBreakpoints done
Event: 4374.822 Executing VM operation: ChangeBreakpoints
Event: 4374.822 Executing VM operation: ChangeBreakpoints done
Event: 4374.822 Executing VM operation: ChangeBreakpoints
Event: 4374.822 Executing VM operation: ChangeBreakpoints done
Event: 4374.824 Executing VM operation: RedefineClasses
Event: 4374.825 Executing VM operation: RedefineClasses done


Dynamic libraries:
0x000000013f5e0000 - 0x000000013f614000 	C:\Program Files\Java\jdk1.6.0_45\bin\java.exe
0x0000000077ab0000 - 0x0000000077c59000 	C:\Windows\SYSTEM32\ntdll.dll
0x0000000077990000 - 0x0000000077aaf000 	C:\Windows\system32\kernel32.dll
0x000007fefdae0000 - 0x000007fefdb4c000 	C:\Windows\system32\KERNELBASE.dll
0x000007feffce0000 - 0x000007feffdbb000 	C:\Windows\system32\ADVAPI32.dll
0x000007feff340000 - 0x000007feff3df000 	C:\Windows\system32\msvcrt.dll
0x000007feff320000 - 0x000007feff33f000 	C:\Windows\SYSTEM32\sechost.dll
0x000007feff000000 - 0x000007feff12d000 	C:\Windows\system32\RPCRT4.dll
0x0000000077890000 - 0x000000007798a000 	C:\Windows\system32\USER32.dll
0x000007fefdff0000 - 0x000007fefe057000 	C:\Windows\system32\GDI32.dll
0x000007feffa00000 - 0x000007feffa0e000 	C:\Windows\system32\LPK.dll
0x000007fefee20000 - 0x000007fefeee9000 	C:\Windows\system32\USP10.dll
0x000007fefbde0000 - 0x000007fefbfd4000 	C:\Windows\WinSxS\amd64_microsoft.windows.common-controls_6595b64144ccf1df_6.0.7601.17514_none_fa396087175ac9ac\COMCTL32.dll
0x000007feff3e0000 - 0x000007feff451000 	C:\Windows\system32\SHLWAPI.dll
0x000007fefe060000 - 0x000007fefe08e000 	C:\Windows\system32\IMM32.DLL
0x000007fefeef0000 - 0x000007fefeff9000 	C:\Windows\system32\MSCTF.dll
0x00000000790d0000 - 0x00000000791a2000 	C:\Program Files\Java\jdk1.6.0_45\jre\bin\msvcr100.dll
0x000000006f610000 - 0x000000006fe3a000 	C:\Program Files\Java\jdk1.6.0_45\jre\bin\server\jvm.dll
0x000007fef9280000 - 0x000007fef9289000 	C:\Windows\system32\WSOCK32.dll
0x000007fefdc30000 - 0x000007fefdc7d000 	C:\Windows\system32\WS2_32.dll
0x000007feff130000 - 0x000007feff138000 	C:\Windows\system32\NSI.dll
0x000007fefb400000 - 0x000007fefb43b000 	C:\Windows\system32\WINMM.dll
0x0000000077c70000 - 0x0000000077c77000 	C:\Windows\system32\PSAPI.DLL
0x00000000751b0000 - 0x00000000751bf000 	C:\Program Files\Java\jdk1.6.0_45\jre\bin\verify.dll
0x0000000071770000 - 0x0000000071798000 	C:\Program Files\Java\jdk1.6.0_45\jre\bin\java.dll
0x00000000598a0000 - 0x00000000598d5000 	C:\Program Files\Java\jdk1.6.0_45\jre\bin\jdwp.dll
0x00000000751a0000 - 0x00000000751a8000 	C:\Program Files\Java\jdk1.6.0_45\jre\bin\npt.dll
0x0000000071730000 - 0x0000000071746000 	C:\Program Files\Java\jdk1.6.0_45\jre\bin\zip.dll
0x000007fefe090000 - 0x000007fefee18000 	C:\Windows\system32\SHELL32.dll
0x000007fefdd40000 - 0x000007fefdf43000 	C:\Windows\system32\ole32.dll
0x000007fefd880000 - 0x000007fefd88f000 	C:\Windows\system32\profapi.dll
0x00000000751c0000 - 0x00000000751c9000 	C:\Program Files\Java\jdk1.6.0_45\jre\bin\dt_socket.dll
0x000007fefd010000 - 0x000007fefd065000 	C:\Windows\system32\mswsock.dll
0x000007fefca20000 - 0x000007fefca27000 	C:\Windows\System32\wshtcpip.dll
0x000007fefaf90000 - 0x000007fefb0b5000 	C:\Windows\system32\dbghelp.dll

VM Arguments:
jvm_args: -agentlib:jdwp=transport=dt_socket,address=127.0.0.1:63479,suspend=y,server=n -Dfile.encoding=UTF-8 
java_command: com.company.Main
java_class_path (initial): C:\Program Files\Java\jdk1.6.0_45\jre\lib\charsets.jar;C:\Program Files\Java\jdk1.6.0_45\jre\lib\deploy.jar;C:\Program Files\Java\jdk1.6.0_45\jre\lib\javaws.jar;C:\Program Files\Java\jdk1.6.0_45\jre\lib\jce.jar;C:\Program Files\Java\jdk1.6.0_45\jre\lib\jfr.jar;C:\Program Files\Java\jdk1.6.0_45\jre\lib\jfxswt.jar;C:\Program Files\Java\jdk1.6.0_45\jre\lib\jsse.jar;C:\Program Files\Java\jdk1.6.0_45\jre\lib\management-agent.jar;C:\Program Files\Java\jdk1.6.0_45\jre\lib\plugin.jar;C:\Program Files\Java\jdk1.6.0_45\jre\lib\resources.jar;C:\Program Files\Java\jdk1.6.0_45\jre\lib\rt.jar;C:\Program Files\Java\jdk1.6.0_45\jre\lib\ext\access-bridge-64.jar;C:\Program Files\Java\jdk1.6.0_45\jre\lib\ext\cldrdata.jar;C:\Program Files\Java\jdk1.6.0_45\jre\lib\ext\dnsns.jar;C:\Program Files\Java\jdk1.6.0_45\jre\lib\ext\jaccess.jar;C:\Program Files\Java\jdk1.6.0_45\jre\lib\ext\jfxrt.jar;C:\Program Files\Java\jdk1.6.0_45\jre\lib\ext\localedata.jar;C:\Program Files\Java\jdk1.6.0_45\jre\lib\ext\nashorn.jar;C:\Program Files\Java\jdk1.6.0_45\jre\lib\ext\sunec.jar;C:\Program Files\Java\jdk1.6.0_45\jre\lib\ext\sunjce_provider.jar;C:\Program Files\Java\jdk1.6.0_45\jre\lib\ext\sunmscapi.jar;C:\Program Files\Java\jdk1.6.0_45\jre\lib\ext\sunpkcs11.jar;C:\Program Files\Java\jdk1.6.0_45\jre\lib\ext\zipfs.jar;C:\adt-bundle-windows-x86_64-20140702\pg\jl\LeetCodeProjects\out\production\LeetCodeProjects;C:\Program Files (x86)\JetBrains\IntelliJ IDEA Community Edition 14.0.2\lib\idea_rt.jar
Launcher Type: SUN_STANDARD

Environment Variables:
JAVA_HOME=C:\Program Files\Java\jdk1.6.0_45
PATH=C:\ProgramData\Oracle\Java\javapath;C:\oraclexe\app\oracle\product\11.2.0\server\bin;C:\Program Files (x86)\AMD APP\bin\x86_64;C:\Program Files (x86)\AMD APP\bin\x86;C:\Program Files (x86)\Intel\iCLS Client\;C:\Program Files\Intel\iCLS Client\;C:\Windows\system32;C:\Windows;C:\Windows\System32\Wbem;C:\Windows\System32\WindowsPowerShell\v1.0\;C:\Program Files\Intel\Intel(R) Management Engine Components\DAL;C:\Program Files\Intel\Intel(R) Management Engine Components\IPT;C:\Program Files (x86)\Intel\Intel(R) Management Engine Components\DAL;C:\Program Files (x86)\Intel\Intel(R) Management Engine Components\IPT;C:\Program Files (x86)\ATI Technologies\ATI.ACE\Core-Static;C:\Program Files\PrinterOn Corporation\PrintWhere 4.6;c:\Program Files (x86)\Microsoft SQL Server\90\Tools\binn\;c:\Program Files (x86)\Microsoft SQL Server\100\Tools\Binn\VSShell\Common7\IDE\;c:\Program Files (x86)\Microsoft SQL Server\100\Tools\Binn\;c:\Program Files\Microsoft SQL Server\100\Tools\Binn\;c:\Program Files (x86)\Microsoft SQL Server\100\DTS\Binn\;C:\Windows\idmu\common;C:\Program Files\TortoiseSVN\bin;C:\Program Files (x86)\Good Technology\Good Control\WEB-INF\lib;C:\adt-bundle-windows-x86_64-20140702\sdk\tools;C:\Program Files (x86)\WinAnt\bin;C:\Program Files\Java\jdk1.6.0_45\bin
USERNAME=hanh
OS=Windows_NT
PROCESSOR_IDENTIFIER=Intel64 Family 6 Model 58 Stepping 9, GenuineIntel



---------------  S Y S T E M  ---------------

OS: Windows 7 , 64 bit Build 7601 Service Pack 1

CPU:total 8 (4 cores per cpu, 2 threads per core) family 6 model 58 stepping 9, cmov, cx8, fxsr, mmx, sse, sse2, sse3, ssse3, sse4.1, sse4.2, popcnt, avx, aes, clmul, erms, ht, tsc, tscinvbit

Memory: 4k page, physical 33493628k(27284556k free), swap 83731252k(73178520k free)

vm_info: Java HotSpot(TM) 64-Bit Server VM (25.11-b03) for windows-amd64 JRE (1.8.0_11-b12), built on Jun 16 2014 20:57:32 by "java_re" with MS VC++ 10.0 (VS2010)

time: Tue Dec 16 16:36:55 2014
elapsed time: 4374 seconds

